android/app/build/intermediates/manifest_merge_blame_file/debug/manifest-merger-blame-debug-report.txt
1<?xml version="1.0" encoding="utf-8"?>
2<manifest xmlns:android="http://schemas.android.com/apk/res/android"
3    package="com.expired"
4    android:versionCode="1"
5    android:versionName="1.0" >
6
7    <uses-sdk
8        android:minSdkVersion="21"
9        android:targetSdkVersion="31" />
10
11    <uses-permission android:name="android.permission.SYSTEM_ALERT_WINDOW" />
11-->src/debug/AndroidManifest.xml:5:5-77
11-->src/debug/AndroidManifest.xml:5:22-75
12    <uses-permission android:name="android.permission.INTERNET" />
12-->src/main/AndroidManifest.xml:3:3-65
12-->src/main/AndroidManifest.xml:3:20-62
13    <uses-permission android:name="android.permission.READ_EXTERNAL_STORAGE" />
13-->src/main/AndroidManifest.xml:4:3-78
13-->src/main/AndroidManifest.xml:4:20-75
14    <uses-permission android:name="android.permission.WRITE_EXTERNAL_STORAGE" />
14-->src/main/AndroidManifest.xml:5:3-79
14-->src/main/AndroidManifest.xml:5:20-76
15    <uses-permission android:name="android.permission.CAMERA" />
15-->src/main/AndroidManifest.xml:6:3-63
15-->src/main/AndroidManifest.xml:6:20-60
16    <uses-permission android:name="android.permission.ACCESS_WIFI_STATE" />
16-->[com.facebook.flipper:flipper:0.125.0] AndroidManifest.xml:16:5-76
16-->[com.facebook.flipper:flipper:0.125.0] AndroidManifest.xml:16:22-73
17    <uses-permission android:name="android.permission.WAKE_LOCK" />
17-->[:react-native-firebase_auth] AndroidManifest.xml:10:5-68
17-->[:react-native-firebase_auth] AndroidManifest.xml:10:22-65
18    <uses-permission android:name="android.permission.ACCESS_NETWORK_STATE" />
18-->[:react-native-firebase_auth] AndroidManifest.xml:11:5-79
18-->[:react-native-firebase_auth] AndroidManifest.xml:11:22-76
19
20    <queries>
20-->[:react-native-image-crop-picker] AndroidManifest.xml:9:5-13:15
21        <intent>
21-->[:react-native-image-crop-picker] AndroidManifest.xml:10:9-12:18
22            <action android:name="android.media.action.IMAGE_CAPTURE" />
22-->[:react-native-image-crop-picker] AndroidManifest.xml:11:13-73
22-->[:react-native-image-crop-picker] AndroidManifest.xml:11:21-70
23        </intent>
24    </queries>
25
26    <application
26-->src/main/AndroidManifest.xml:9:3-18:17
27        android:name="com.expired.MainApplication"
27-->src/main/AndroidManifest.xml:9:16-47
28        android:allowBackup="false"
28-->src/main/AndroidManifest.xml:9:162-189
29        android:appComponentFactory="androidx.core.app.CoreComponentFactory"
29-->[androidx.core:core:1.5.0] AndroidManifest.xml:24:18-86
30        android:debuggable="true"
31        android:icon="@mipmap/ic_launcher"
31-->src/main/AndroidManifest.xml:9:81-115
32        android:label="@string/app_name"
32-->src/main/AndroidManifest.xml:9:48-80
33        android:roundIcon="@mipmap/ic_launcher_round"
33-->src/main/AndroidManifest.xml:9:116-161
34        android:theme="@style/AppTheme"
34-->src/main/AndroidManifest.xml:9:190-221
35        android:usesCleartextTraffic="true" >
35-->src/debug/AndroidManifest.xml:8:9-44
36        <activity
36-->src/debug/AndroidManifest.xml:11:9-111
37            android:name="com.facebook.react.devsupport.DevSettingsActivity"
37-->src/debug/AndroidManifest.xml:11:19-83
38            android:exported="false" />
38-->src/debug/AndroidManifest.xml:11:84-108
39        <activity
39-->src/main/AndroidManifest.xml:10:5-17:16
40            android:name="com.expired.MainActivity"
40-->src/main/AndroidManifest.xml:10:15-43
41            android:configChanges="keyboard|keyboardHidden|orientation|screenSize|uiMode"
41-->src/main/AndroidManifest.xml:10:114-191
42            android:exported="true"
42-->src/main/AndroidManifest.xml:10:264-287
43            android:label="@string/app_name"
43-->src/main/AndroidManifest.xml:10:44-76
44            android:launchMode="singleTask"
44-->src/main/AndroidManifest.xml:10:192-223
45            android:screenOrientation="portrait"
45-->src/main/AndroidManifest.xml:10:77-113
46            android:windowSoftInputMode="adjustPan" >
46-->src/main/AndroidManifest.xml:10:224-263
47            <intent-filter>
47-->src/main/AndroidManifest.xml:13:7-16:23
48                <action android:name="android.intent.action.MAIN" />
48-->src/main/AndroidManifest.xml:14:9-61
48-->src/main/AndroidManifest.xml:14:17-58
49
50                <category android:name="android.intent.category.LAUNCHER" />
50-->src/main/AndroidManifest.xml:15:9-69
50-->src/main/AndroidManifest.xml:15:19-66
51            </intent-filter>
52        </activity>
53
54        <meta-data
54-->[:react-native-firebase_app] AndroidManifest.xml:10:9-12:36
55            android:name="app_data_collection_default_enabled"
55-->[:react-native-firebase_app] AndroidManifest.xml:11:13-63
56            android:value="true" />
56-->[:react-native-firebase_app] AndroidManifest.xml:12:13-33
57
58        <service
58-->[:react-native-firebase_app] AndroidManifest.xml:14:9-18:19
59            android:name="com.google.firebase.components.ComponentDiscoveryService"
59-->[:react-native-firebase_app] AndroidManifest.xml:14:18-89
60            android:directBootAware="true"
60-->[com.google.firebase:firebase-common:20.1.1] AndroidManifest.xml:35:13-43
61            android:exported="false" >
61-->[com.google.firebase:firebase-firestore:24.1.2] AndroidManifest.xml:19:13-37
62            <meta-data
62-->[:react-native-firebase_app] AndroidManifest.xml:15:13-17:85
63                android:name="com.google.firebase.components:io.invertase.firebase.app.ReactNativeFirebaseAppRegistrar"
63-->[:react-native-firebase_app] AndroidManifest.xml:16:17-120
64                android:value="com.google.firebase.components.ComponentRegistrar" />
64-->[:react-native-firebase_app] AndroidManifest.xml:17:17-82
65            <meta-data
65-->[com.google.firebase:firebase-firestore:24.1.2] AndroidManifest.xml:20:13-22:85
66                android:name="com.google.firebase.components:com.google.firebase.firestore.FirestoreRegistrar"
66-->[com.google.firebase:firebase-firestore:24.1.2] AndroidManifest.xml:21:17-111
67                android:value="com.google.firebase.components.ComponentRegistrar" />
67-->[com.google.firebase:firebase-firestore:24.1.2] AndroidManifest.xml:22:17-82
68            <meta-data
68-->[com.google.firebase:firebase-auth:21.0.5] AndroidManifest.xml:67:13-69:85
69                android:name="com.google.firebase.components:com.google.firebase.auth.FirebaseAuthRegistrar"
69-->[com.google.firebase:firebase-auth:21.0.5] AndroidManifest.xml:68:17-109
70                android:value="com.google.firebase.components.ComponentRegistrar" />
70-->[com.google.firebase:firebase-auth:21.0.5] AndroidManifest.xml:69:17-82
71        </service>
72
73        <provider
73-->[:react-native-firebase_app] AndroidManifest.xml:20:9-24:38
74            android:name="io.invertase.firebase.app.ReactNativeFirebaseAppInitProvider"
74-->[:react-native-firebase_app] AndroidManifest.xml:21:13-88
75            android:authorities="com.expired.reactnativefirebaseappinitprovider"
75-->[:react-native-firebase_app] AndroidManifest.xml:22:13-86
76            android:exported="false"
76-->[:react-native-firebase_app] AndroidManifest.xml:23:13-37
77            android:initOrder="99" />
77-->[:react-native-firebase_app] AndroidManifest.xml:24:13-35
78        <provider
78-->[:react-native-image-crop-picker] AndroidManifest.xml:18:9-26:20
79            android:name="androidx.core.content.FileProvider"
79-->[:react-native-image-crop-picker] AndroidManifest.xml:19:13-62
80            android:authorities="com.expired.provider"
80-->[:react-native-image-crop-picker] AndroidManifest.xml:20:13-60
81            android:exported="false"
81-->[:react-native-image-crop-picker] AndroidManifest.xml:21:13-37
82            android:grantUriPermissions="true" >
82-->[:react-native-image-crop-picker] AndroidManifest.xml:22:13-47
83            <meta-data
83-->[:react-native-image-crop-picker] AndroidManifest.xml:23:13-25:58
84                android:name="android.support.FILE_PROVIDER_PATHS"
84-->[:react-native-image-crop-picker] AndroidManifest.xml:24:17-67
85                android:resource="@xml/provider_paths" />
85-->[:react-native-image-crop-picker] AndroidManifest.xml:25:17-55
86        </provider>
87
88        <activity
88-->[:react-native-image-crop-picker] AndroidManifest.xml:28:9-30:72
89            android:name="com.yalantis.ucrop.UCropActivity"
89-->[:react-native-image-crop-picker] AndroidManifest.xml:29:13-60
90            android:theme="@style/Theme.AppCompat.Light.NoActionBar" />
90-->[:react-native-image-crop-picker] AndroidManifest.xml:30:13-69
91
92        <provider
92-->[:react-native-image-picker] AndroidManifest.xml:10:9-18:20
93            android:name="com.imagepicker.ImagePickerProvider"
93-->[:react-native-image-picker] AndroidManifest.xml:11:13-63
94            android:authorities="com.expired.imagepickerprovider"
94-->[:react-native-image-picker] AndroidManifest.xml:12:13-71
95            android:exported="false"
95-->[:react-native-image-picker] AndroidManifest.xml:13:13-37
96            android:grantUriPermissions="true" >
96-->[:react-native-image-picker] AndroidManifest.xml:14:13-47
97            <meta-data
97-->[:react-native-image-crop-picker] AndroidManifest.xml:23:13-25:58
98                android:name="android.support.FILE_PROVIDER_PATHS"
98-->[:react-native-image-crop-picker] AndroidManifest.xml:24:17-67
99                android:resource="@xml/imagepicker_provider_paths" />
99-->[:react-native-image-crop-picker] AndroidManifest.xml:25:17-55
100        </provider>
101
102        <activity
102-->[com.google.android.gms:play-services-auth:20.2.0] AndroidManifest.xml:23:9-27:75
103            android:name="com.google.android.gms.auth.api.signin.internal.SignInHubActivity"
103-->[com.google.android.gms:play-services-auth:20.2.0] AndroidManifest.xml:24:13-93
104            android:excludeFromRecents="true"
104-->[com.google.android.gms:play-services-auth:20.2.0] AndroidManifest.xml:25:13-46
105            android:exported="false"
105-->[com.google.android.gms:play-services-auth:20.2.0] AndroidManifest.xml:26:13-37
106            android:theme="@android:style/Theme.Translucent.NoTitleBar" />
106-->[com.google.android.gms:play-services-auth:20.2.0] AndroidManifest.xml:27:13-72
107        <!--
108            Service handling Google Sign-In user revocation. For apps that do not integrate with
109            Google Sign-In, this service will never be started.
110        -->
111        <service
111-->[com.google.android.gms:play-services-auth:20.2.0] AndroidManifest.xml:33:9-37:51
112            android:name="com.google.android.gms.auth.api.signin.RevocationBoundService"
112-->[com.google.android.gms:play-services-auth:20.2.0] AndroidManifest.xml:34:13-89
113            android:exported="true"
113-->[com.google.android.gms:play-services-auth:20.2.0] AndroidManifest.xml:35:13-36
114            android:permission="com.google.android.gms.auth.api.signin.permission.REVOCATION_NOTIFICATION"
114-->[com.google.android.gms:play-services-auth:20.2.0] AndroidManifest.xml:36:13-107
115            android:visibleToInstantApps="true" />
115-->[com.google.android.gms:play-services-auth:20.2.0] AndroidManifest.xml:37:13-48
116
117        <activity
117-->[com.google.firebase:firebase-auth:21.0.5] AndroidManifest.xml:27:9-44:20
118            android:name="com.google.firebase.auth.internal.GenericIdpActivity"
118-->[com.google.firebase:firebase-auth:21.0.5] AndroidManifest.xml:28:13-80
119            android:excludeFromRecents="true"
119-->[com.google.firebase:firebase-auth:21.0.5] AndroidManifest.xml:29:13-46
120            android:exported="true"
120-->[com.google.firebase:firebase-auth:21.0.5] AndroidManifest.xml:30:13-36
121            android:launchMode="singleTask"
121-->[com.google.firebase:firebase-auth:21.0.5] AndroidManifest.xml:31:13-44
122            android:theme="@android:style/Theme.Translucent.NoTitleBar" >
122-->[com.google.firebase:firebase-auth:21.0.5] AndroidManifest.xml:32:13-72
123            <intent-filter>
123-->[com.google.firebase:firebase-auth:21.0.5] AndroidManifest.xml:33:13-43:29
124                <action android:name="android.intent.action.VIEW" />
124-->[com.google.firebase:firebase-auth:21.0.5] AndroidManifest.xml:34:17-69
124-->[com.google.firebase:firebase-auth:21.0.5] AndroidManifest.xml:34:25-66
125
126                <category android:name="android.intent.category.DEFAULT" />
126-->[com.google.firebase:firebase-auth:21.0.5] AndroidManifest.xml:36:17-76
126-->[com.google.firebase:firebase-auth:21.0.5] AndroidManifest.xml:36:27-73
127                <category android:name="android.intent.category.BROWSABLE" />
127-->[com.google.firebase:firebase-auth:21.0.5] AndroidManifest.xml:37:17-78
127-->[com.google.firebase:firebase-auth:21.0.5] AndroidManifest.xml:37:27-75
128
129                <data
129-->[com.google.firebase:firebase-auth:21.0.5] AndroidManifest.xml:39:17-42:51
130                    android:host="firebase.auth"
130-->[com.google.firebase:firebase-auth:21.0.5] AndroidManifest.xml:40:21-49
131                    android:path="/"
131-->[com.google.firebase:firebase-auth:21.0.5] AndroidManifest.xml:41:21-37
132                    android:scheme="genericidp" />
132-->[com.google.firebase:firebase-auth:21.0.5] AndroidManifest.xml:42:21-48
133            </intent-filter>
134        </activity>
135        <activity
135-->[com.google.firebase:firebase-auth:21.0.5] AndroidManifest.xml:45:9-62:20
136            android:name="com.google.firebase.auth.internal.RecaptchaActivity"
136-->[com.google.firebase:firebase-auth:21.0.5] AndroidManifest.xml:46:13-79
137            android:excludeFromRecents="true"
137-->[com.google.firebase:firebase-auth:21.0.5] AndroidManifest.xml:47:13-46
138            android:exported="true"
138-->[com.google.firebase:firebase-auth:21.0.5] AndroidManifest.xml:48:13-36
139            android:launchMode="singleTask"
139-->[com.google.firebase:firebase-auth:21.0.5] AndroidManifest.xml:49:13-44
140            android:theme="@android:style/Theme.Translucent.NoTitleBar" >
140-->[com.google.firebase:firebase-auth:21.0.5] AndroidManifest.xml:50:13-72
141            <intent-filter>
141-->[com.google.firebase:firebase-auth:21.0.5] AndroidManifest.xml:51:13-61:29
142                <action android:name="android.intent.action.VIEW" />
142-->[com.google.firebase:firebase-auth:21.0.5] AndroidManifest.xml:34:17-69
142-->[com.google.firebase:firebase-auth:21.0.5] AndroidManifest.xml:34:25-66
143
144                <category android:name="android.intent.category.DEFAULT" />
144-->[com.google.firebase:firebase-auth:21.0.5] AndroidManifest.xml:36:17-76
144-->[com.google.firebase:firebase-auth:21.0.5] AndroidManifest.xml:36:27-73
145                <category android:name="android.intent.category.BROWSABLE" />
145-->[com.google.firebase:firebase-auth:21.0.5] AndroidManifest.xml:37:17-78
145-->[com.google.firebase:firebase-auth:21.0.5] AndroidManifest.xml:37:27-75
146
147                <data
147-->[com.google.firebase:firebase-auth:21.0.5] AndroidManifest.xml:39:17-42:51
148                    android:host="firebase.auth"
148-->[com.google.firebase:firebase-auth:21.0.5] AndroidManifest.xml:40:21-49
149                    android:path="/"
149-->[com.google.firebase:firebase-auth:21.0.5] AndroidManifest.xml:41:21-37
150                    android:scheme="recaptcha" />
150-->[com.google.firebase:firebase-auth:21.0.5] AndroidManifest.xml:42:21-48
151            </intent-filter>
152        </activity>
153        <activity
153-->[com.google.android.gms:play-services-base:18.0.1] AndroidManifest.xml:20:9-22:45
154            android:name="com.google.android.gms.common.api.GoogleApiActivity"
154-->[com.google.android.gms:play-services-base:18.0.1] AndroidManifest.xml:20:19-85
155            android:exported="false"
155-->[com.google.android.gms:play-services-base:18.0.1] AndroidManifest.xml:22:19-43
156            android:theme="@android:style/Theme.Translucent.NoTitleBar" />
156-->[com.google.android.gms:play-services-base:18.0.1] AndroidManifest.xml:21:19-78
157
158        <provider
158-->[com.google.firebase:firebase-common:20.1.1] AndroidManifest.xml:26:9-31:39
159            android:name="com.google.firebase.provider.FirebaseInitProvider"
159-->[com.google.firebase:firebase-common:20.1.1] AndroidManifest.xml:27:13-77
160            android:authorities="com.expired.firebaseinitprovider"
160-->[com.google.firebase:firebase-common:20.1.1] AndroidManifest.xml:28:13-72
161            android:directBootAware="true"
161-->[com.google.firebase:firebase-common:20.1.1] AndroidManifest.xml:29:13-43
162            android:exported="false"
162-->[com.google.firebase:firebase-common:20.1.1] AndroidManifest.xml:30:13-37
163            android:initOrder="100" />
163-->[com.google.firebase:firebase-common:20.1.1] AndroidManifest.xml:31:13-36
164
165        <meta-data
165-->[com.google.android.gms:play-services-basement:18.0.0] AndroidManifest.xml:21:9-23:69
166            android:name="com.google.android.gms.version"
166-->[com.google.android.gms:play-services-basement:18.0.0] AndroidManifest.xml:22:13-58
167            android:value="@integer/google_play_services_version" />
167-->[com.google.android.gms:play-services-basement:18.0.0] AndroidManifest.xml:23:13-66
168    </application>
169
170</manifest>